<?xml version="1.0" encoding="UTF-8"?>
<testsuite xmlns:xsi="http://www.w3.org/2001/XMLSchema-instance" xsi:noNamespaceSchemaLocation="https://maven.apache.org/surefire/maven-surefire-plugin/xsd/surefire-test-report-3.0.xsd" version="3.0" name="edu.uees.tutorias.service.ServicioReservasTest" time="0.175" tests="5" errors="0" skipped="0" failures="0">
  <properties>
[...]
</properties>
  <testcase name="crearReserva_conHorarioNoDisponible_debeLanzarExcepcion" classname="edu.uees.tutorias.service.ServicioReservasTest" time="0.085"/>
  <testcase name="reprogramarReserva_debeLiberarHorarioAnterior" classname="edu.uees.tutorias.service.ServicioReservasTest" time="0.018"/>
  <testcase name="confirmarReserva_debeCambiarEstadoAConfirmada" classname="edu.uees.tutorias.service.ServicioReservasTest" time="0.003"/>
  <testcase name="cancelarReserva_debeLiberarElHorario" classname="edu.uees.tutorias.service.ServicioReservasTest" time="0.002"/>
  <testcase name="crearReserva_debeCambiarHorarioANoDisponible" classname="edu.uees.tutorias.service.ServicioReservasTest" time="0.002"/>
</testsuite>