<?xml version="1.0" encoding="UTF-8"?>
<testsuite xmlns:xsi="http://www.w3.org/2001/XMLSchema-instance" xsi:noNamespaceSchemaLocation="https://maven.apache.org/surefire/maven-surefire-plugin/xsd/surefire-test-report-3.0.xsd" version="3.0" name="edu.uees.tutorias.service.ServicioReservasTest" time="0.262" tests="17" errors="0" skipped="0" failures="0">
  <properties>
[...]
</properties>
  <testcase name="crearReserva_conHorarioNoDisponible_debeLanzarExcepcion" classname="edu.uees.tutorias.service.ServicioReservasTest" time="0.082"/>
  <testcase name="factoryMethod_estudianteSinCanalSmsNiPush_omiteEsosCanales" classname="edu.uees.tutorias.service.ServicioReservasTest" time="0.009"/>
  <testcase name="reprogramarReserva_debeLiberarHorarioAnterior" classname="edu.uees.tutorias.service.ServicioReservasTest" time="0.015"/>
  <testcase name="builder_sinCampoObligatorio_debeLanzarExcepcion" classname="edu.uees.tutorias.service.ServicioReservasTest" time="0.004"/>
  <testcase name="estudianteBuilder_sinCamposOpcionales_usaValorSinDato" classname="edu.uees.tutorias.service.ServicioReservasTest" time="0.002"/>
  <testcase name="teamsAdapter_traduceLlamadaAlMetodoCorrecto" classname="edu.uees.tutorias.service.ServicioReservasTest" time="0.023">
    <system-out><![CDATA[[MicrosoftTeamsAPI] Creando reunión: Tutoría Diseño de Software | organizador: docente@uees.edu.ec
]]></system-out>
  </testcase>
  <testcase name="confirmarReserva_debeCambiarEstadoAConfirmada" classname="edu.uees.tutorias.service.ServicioReservasTest" time="0.003"/>
  <testcase name="factoryMethod_estudianteConTodosLosCanales_recibeNotificacionEnCadaCanal" classname="edu.uees.tutorias.service.ServicioReservasTest" time="0.009"/>
  <testcase name="estudianteBuilder_sinCampoObligatorio_debeLanzarExcepcion" classname="edu.uees.tutorias.service.ServicioReservasTest" time="0.003"/>
  <testcase name="cancelarReserva_debeLiberarElHorario" classname="edu.uees.tutorias.service.ServicioReservasTest" time="0.003"/>
  <testcase name="builder_conCamposOpcionales_debeCrearHorarioCorrectamente" classname="edu.uees.tutorias.service.ServicioReservasTest" time="0.002"/>
  <testcase name="builder_horarioPresencial_puedeReservarse" classname="edu.uees.tutorias.service.ServicioReservasTest" time="0.002"/>
  <testcase name="crearReserva_debeCambiarHorarioANoDisponible" classname="edu.uees.tutorias.service.ServicioReservasTest" time="0.002"/>
  <testcase name="builder_sinCamposOpcionales_debeUsarValoresPorDefecto" classname="edu.uees.tutorias.service.ServicioReservasTest" time="0.003"/>
  <testcase name="adapter_confirmarReservaPresencial_noGeneraEnlace" classname="edu.uees.tutorias.service.ServicioReservasTest" time="0.003"/>
  <testcase name="adapter_sinVideoconferencia_enlacePermaneceVacio" classname="edu.uees.tutorias.service.ServicioReservasTest" time="0.003"/>
  <testcase name="adapter_confirmarReservaVirtual_asignaEnlaceDeTeams" classname="edu.uees.tutorias.service.ServicioReservasTest" time="0.002">
    <system-out><![CDATA[[MicrosoftTeamsAPI] Creando reunión: Diseño de Software | organizador: ana@uees.edu.ec
]]></system-out>
  </testcase>
</testsuite>